# JRE version: OpenJDK Runtime Environment (8.0_242-b01) (build 1.8.0_242-release-1644-b01)
# Java VM: OpenJDK 64-Bit Server VM (25.242-b01 mixed mode windows-amd64 compressed oops)
Heap:
 PSYoungGen      total 649216K, used 429681K [0x00000000d5580000, 0x0000000100000000, 0x0000000100000000)
  eden space 603648K, 69% used [0x00000000d5580000,0x00000000ef0d9bc8,0x00000000fa300000)
  from space 45568K, 18% used [0x00000000fa300000,0x00000000fab42950,0x00000000fcf80000)
  to   space 44032K, 0% used [0x00000000fd500000,0x00000000fd500000,0x0000000100000000)
 ParOldGen       total 151552K, used 117039K [0x0000000080000000, 0x0000000089400000, 0x00000000d5580000)
  object space 151552K, 77% used [0x0000000080000000,0x000000008724bd88,0x0000000089400000)
 Metaspace       used 89331K, capacity 93682K, committed 94040K, reserved 1130496K
  class space    used 11535K, capacity 12296K, committed 12416K, reserved 1048576K
GC Heap History (10 events):
Event: 189.581 GC heap before
{Heap before GC invocations=32 (full 3):
 PSYoungGen      total 427520K, used 419714K [0x00000000d5580000, 0x00000000f4680000, 0x0000000100000000)
  eden space 382976K, 100% used [0x00000000d5580000,0x00000000ecb80000,0x00000000ecb80000)
  from space 44544K, 82% used [0x00000000efa80000,0x00000000f1e609a0,0x00000000f2600000)
  to   space 48128K, 0% used [0x00000000ecb80000,0x00000000ecb80000,0x00000000efa80000)
 ParOldGen       total 151552K, used 72885K [0x0000000080000000, 0x0000000089400000, 0x00000000d5580000)
  object space 151552K, 48% used [0x0000000080000000,0x000000008472d6a8,0x0000000089400000)
 Metaspace       used 88964K, capacity 93314K, committed 93528K, reserved 1130496K
  class space    used 11522K, capacity 12294K, committed 12416K, reserved 1048576K
Event: 190.213 GC heap after
Heap after GC invocations=32 (full 3):
 PSYoungGen      total 431104K, used 17715K [0x00000000d5580000, 0x00000000f8980000, 0x0000000100000000)
  eden space 382976K, 0% used [0x00000000d5580000,0x00000000d5580000,0x00000000ecb80000)
  from space 48128K, 36% used [0x00000000ecb80000,0x00000000edccce68,0x00000000efa80000)
  to   space 46080K, 0% used [0x00000000f5c80000,0x00000000f5c80000,0x00000000f8980000)
 ParOldGen       total 151552K, used 88328K [0x0000000080000000, 0x0000000089400000, 0x00000000d5580000)
  object space 151552K, 58% used [0x0000000080000000,0x00000000856421f0,0x0000000089400000)
 Metaspace       used 88964K, capacity 93314K, committed 93528K, reserved 1130496K
  class space    used 11522K, capacity 12294K, committed 12416K, reserved 1048576K
}
Event: 191.267 GC heap before
{Heap before GC invocations=33 (full 3):
 PSYoungGen      total 431104K, used 400691K [0x00000000d5580000, 0x00000000f8980000, 0x0000000100000000)
  eden space 382976K, 100% used [0x00000000d5580000,0x00000000ecb80000,0x00000000ecb80000)
  from space 48128K, 36% used [0x00000000ecb80000,0x00000000edccce68,0x00000000efa80000)
  to   space 46080K, 0% used [0x00000000f5c80000,0x00000000f5c80000,0x00000000f8980000)
 ParOldGen       total 151552K, used 88328K [0x0000000080000000, 0x0000000089400000, 0x00000000d5580000)
  object space 151552K, 58% used [0x0000000080000000,0x00000000856421f0,0x0000000089400000)
 Metaspace       used 89034K, capacity 93382K, committed 93528K, reserved 1130496K
  class space    used 11530K, capacity 12294K, committed 12416K, reserved 1048576K
Event: 191.389 GC heap after
Heap after GC invocations=33 (full 3):
 PSYoungGen      total 528384K, used 11588K [0x00000000d5580000, 0x00000000f8780000, 0x0000000100000000)
  eden space 484352K, 0% used [0x00000000d5580000,0x00000000d5580000,0x00000000f2e80000)
  from space 44032K, 26% used [0x00000000f5c80000,0x00000000f67d1250,0x00000000f8780000)
  to   space 45568K, 0% used [0x00000000f2e80000,0x00000000f2e80000,0x00000000f5b00000)
 ParOldGen       total 151552K, used 101954K [0x0000000080000000, 0x0000000089400000, 0x00000000d5580000)
  object space 151552K, 67% used [0x0000000080000000,0x0000000086390860,0x0000000089400000)
 Metaspace       used 89034K, capacity 93382K, committed 93528K, reserved 1130496K
  class space    used 11530K, capacity 12294K, committed 12416K, reserved 1048576K
}
Event: 192.871 GC heap before
{Heap before GC invocations=34 (full 3):
 PSYoungGen      total 528384K, used 495940K [0x00000000d5580000, 0x00000000f8780000, 0x0000000100000000)
  eden space 484352K, 100% used [0x00000000d5580000,0x00000000f2e80000,0x00000000f2e80000)
  from space 44032K, 26% used [0x00000000f5c80000,0x00000000f67d1250,0x00000000f8780000)
  to   space 45568K, 0% used [0x00000000f2e80000,0x00000000f2e80000,0x00000000f5b00000)
 ParOldGen       total 151552K, used 101954K [0x0000000080000000, 0x0000000089400000, 0x00000000d5580000)
  object space 151552K, 67% used [0x0000000080000000,0x0000000086390860,0x0000000089400000)
 Metaspace       used 89190K, capacity 93524K, committed 93784K, reserved 1130496K
  class space    used 11532K, capacity 12295K, committed 12416K, reserved 1048576K
Event: 192.899 GC heap after
Heap after GC invocations=34 (full 3):
 PSYoungGen      total 529920K, used 5440K [0x00000000d5580000, 0x0000000100000000, 0x0000000100000000)
  eden space 484352K, 0% used [0x00000000d5580000,0x00000000d5580000,0x00000000f2e80000)
  from space 45568K, 11% used [0x00000000f2e80000,0x00000000f33d00a8,0x00000000f5b00000)
  to   space 45568K, 0% used [0x00000000fd380000,0x00000000fd380000,0x0000000100000000)
 ParOldGen       total 151552K, used 111319K [0x0000000080000000, 0x0000000089400000, 0x00000000d5580000)
  object space 151552K, 73% used [0x0000000080000000,0x0000000086cb5ff8,0x0000000089400000)
 Metaspace       used 89190K, capacity 93524K, committed 93784K, reserved 1130496K
  class space    used 11532K, capacity 12295K, committed 12416K, reserved 1048576K
}
Event: 194.158 GC heap before
{Heap before GC invocations=35 (full 3):
 PSYoungGen      total 529920K, used 489792K [0x00000000d5580000, 0x0000000100000000, 0x0000000100000000)
  eden space 484352K, 100% used [0x00000000d5580000,0x00000000f2e80000,0x00000000f2e80000)
  from space 45568K, 11% used [0x00000000f2e80000,0x00000000f33d00a8,0x00000000f5b00000)
  to   space 45568K, 0% used [0x00000000fd380000,0x00000000fd380000,0x0000000100000000)
 ParOldGen       total 151552K, used 111319K [0x0000000080000000, 0x0000000089400000, 0x00000000d5580000)
  object space 151552K, 73% used [0x0000000080000000,0x0000000086cb5ff8,0x0000000089400000)
 Metaspace       used 89242K, capacity 93660K, committed 93784K, reserved 1130496K
  class space    used 11533K, capacity 12295K, committed 12416K, reserved 1048576K
Event: 194.199 GC heap after
Heap after GC invocations=35 (full 3):
 PSYoungGen      total 645120K, used 6064K [0x00000000d5580000, 0x00000000ffc00000, 0x0000000100000000)
  eden space 603648K, 0% used [0x00000000d5580000,0x00000000d5580000,0x00000000fa300000)
  from space 41472K, 14% used [0x00000000fd380000,0x00000000fd96c048,0x00000000ffc00000)
  to   space 45568K, 0% used [0x00000000fa300000,0x00000000fa300000,0x00000000fcf80000)
 ParOldGen       total 151552K, used 114006K [0x0000000080000000, 0x0000000089400000, 0x00000000d5580000)
  object space 151552K, 75% used [0x0000000080000000,0x0000000086f55960,0x0000000089400000)
 Metaspace       used 89242K, capacity 93660K, committed 93784K, reserved 1130496K
  class space    used 11533K, capacity 12295K, committed 12416K, reserved 1048576K
}
Event: 196.554 GC heap before
{Heap before GC invocations=36 (full 3):
 PSYoungGen      total 645120K, used 609712K [0x00000000d5580000, 0x00000000ffc00000, 0x0000000100000000)
  eden space 603648K, 100% used [0x00000000d5580000,0x00000000fa300000,0x00000000fa300000)
  from space 41472K, 14% used [0x00000000fd380000,0x00000000fd96c048,0x00000000ffc00000)
  to   space 45568K, 0% used [0x00000000fa300000,0x00000000fa300000,0x00000000fcf80000)
 ParOldGen       total 151552K, used 114006K [0x0000000080000000, 0x0000000089400000, 0x00000000d5580000)
  object space 151552K, 75% used [0x0000000080000000,0x0000000086f55960,0x0000000089400000)
 Metaspace       used 89307K, capacity 93680K, committed 94040K, reserved 1130496K
  class space    used 11533K, capacity 12295K, committed 12416K, reserved 1048576K
Event: 196.844 GC heap after
Heap after GC invocations=36 (full 3):
 PSYoungGen      total 649216K, used 8458K [0x00000000d5580000, 0x0000000100000000, 0x0000000100000000)
  eden space 603648K, 0% used [0x00000000d5580000,0x00000000d5580000,0x00000000fa300000)
  from space 45568K, 18% used [0x00000000fa300000,0x00000000fab42950,0x00000000fcf80000)
  to   space 44032K, 0% used [0x00000000fd500000,0x00000000fd500000,0x0000000100000000)
 ParOldGen       total 151552K, used 117039K [0x0000000080000000, 0x0000000089400000, 0x00000000d5580000)
  object space 151552K, 77% used [0x0000000080000000,0x000000008724bd88,0x0000000089400000)
 Metaspace       used 89307K, capacity 93680K, committed 94040K, reserved 1130496K
  class space    used 11533K, capacity 12295K, committed 12416K, reserved 1048576K
}

